<?xml version="1.0" encoding="UTF-8"?>
<!-- Generated by org.testng.reporters.JUnitReportReporter -->
<testsuite skipped="0" hostname="VTPLDSK084" name="Academy.E2EProject.ValidateNavigationBar" tests="1" failures="0" timestamp="30 May 2021 05:31:58 GMT" time="6.324" errors="0">
  <testcase name="basePageNavigation" time="6.324" classname="Academy.E2EProject.ValidateNavigationBar"/>
</testsuite> <!-- Academy.E2EProject.ValidateNavigationBar -->
