<?xml version="1.0" encoding="UTF-8"?>
<!-- Generated by org.testng.reporters.JUnitReportReporter -->
<testsuite skipped="0" hostname="VTPLDSK084" name="Academy.E2EProject.titleValidation" tests="1" failures="0" timestamp="30 May 2021 05:31:58 GMT" time="0.024" errors="0">
  <testcase name="basePageNavigation" time="0.024" classname="Academy.E2EProject.titleValidation"/>
</testsuite> <!-- Academy.E2EProject.titleValidation -->
