<?xml version="1.0" encoding="UTF-8"?>
<!-- Generated by org.testng.reporters.JUnitReportReporter -->
<testsuite skipped="0" hostname="VTPLDSK084" name="Academy.E2EProject.HomePage" tests="2" failures="0" timestamp="30 May 2021 05:43:40 GMT" time="13.336" errors="0">
  <testcase name="basePageNavigation" time="6.067" classname="Academy.E2EProject.HomePage"/>
  <testcase name="basePageNavigation" time="7.269" classname="Academy.E2EProject.HomePage"/>
</testsuite> <!-- Academy.E2EProject.HomePage -->
