<?xml version="1.0" encoding="UTF-8"?>
<!-- Generated by org.testng.reporters.JUnitReportReporter -->
<testsuite skipped="0" hostname="VTPLDSK084" name="academy.excel.excelTest" tests="1" failures="0" timestamp="25 May 2021 05:02:17 GMT" time="0.437" errors="0">
  <testcase name="Exceltest" time="0.437" classname="academy.excel.excelTest"/>
</testsuite> <!-- academy.excel.excelTest -->
