<?xml version="1.0" encoding="UTF-8"?>
<!-- Generated by org.testng.reporters.JUnitReportReporter -->
<testsuite skipped="0" hostname="VTPLDSK084" name="academy.excel.ToShowDataTest" tests="1" failures="0" timestamp="25 May 2021 07:53:20 GMT" time="0.476" errors="0">
  <testcase name="ShowData" time="0.476" classname="academy.excel.ToShowDataTest"/>
</testsuite> <!-- academy.excel.ToShowDataTest -->
