<?xml version="1.0" encoding="UTF-8"?>
<!-- Generated by org.testng.reporters.JUnitReportReporter -->
<testsuite skipped="0" hostname="VTPLDSK084" name="academy.excel.ToShowData" tests="1" failures="0" timestamp="25 May 2021 05:24:32 GMT" time="0.438" errors="0">
  <testcase name="ShowData" time="0.438" classname="academy.excel.ToShowData"/>
</testsuite> <!-- academy.excel.ToShowData -->
