<?xml version="1.0" encoding="UTF-8"?>
<!-- Generated by org.testng.reporters.JUnitReportReporter -->
<testsuite skipped="0" hostname="VTPLDSK084" name="academy.MavenJava.Test1Test" tests="2" failures="0" timestamp="2021-05-23T14:51:50 IST" time="0.000" errors="0">
  <testcase name="test1a" time="0.000" classname="academy.MavenJava.Test1Test"/>
  <system-out/>
  <testcase name="test1b" time="0.000" classname="academy.MavenJava.Test1Test"/>
  <system-out/>
</testsuite> <!-- academy.MavenJava.Test1Test -->
