<?xml version="1.0" encoding="UTF-8"?>
<!-- Generated by org.testng.reporters.JUnitReportReporter -->
<testsuite skipped="0" hostname="VTPLDSK084" name="academy.excel.excelTest" tests="1" failures="0" timestamp="2021-05-25T09:49:15 IST" time="0.782" errors="0">
  <testcase name="Exceltest" time="0.782" classname="academy.excel.excelTest"/>
  <system-out/>
</testsuite> <!-- academy.excel.excelTest -->
