<?xml version="1.0" encoding="UTF-8"?>
<!-- Generated by org.testng.reporters.JUnitReportReporter -->
<testsuite skipped="0" hostname="VTPLDSK084" name="academy.excel.ToShowDataTest" tests="1" failures="0" timestamp="2021-05-25T10:55:43 IST" time="0.378" errors="0">
  <testcase name="ShowData" time="0.378" classname="academy.excel.ToShowDataTest"/>
  <system-out/>
</testsuite> <!-- academy.excel.ToShowDataTest -->
