<?xml version="1.0" encoding="UTF-8"?>
<!-- Generated by org.testng.reporters.JUnitReportReporter -->
<testsuite skipped="0" hostname="VTPLDSK084" name="TestCases.LoginApplication" tests="1" failures="0" timestamp="28 May 2021 07:12:30 GMT" time="25.232" errors="0">
  <testcase name="Login" time="25.232" classname="TestCases.LoginApplication"/>
</testsuite> <!-- TestCases.LoginApplication -->
