<?xml version="1.0" encoding="UTF-8"?>
<!-- Generated by org.testng.reporters.JUnitReportReporter -->
<testsuite skipped="0" hostname="VTPLDSK084" name="run.testrunner" tests="1" failures="0" timestamp="28 Jun 2021 07:46:41 GMT" time="42.540" errors="0">
  <testcase name="feature" time="42.540" classname="run.testrunner"/>
</testsuite> <!-- run.testrunner -->
