<?xml version="1.0" encoding="UTF-8"?>
<!-- Generated by org.testng.reporters.JUnitReportReporter -->
<testsuite skipped="0" hostname="VTPLDSK084" name="academy.MavenJava.Test1Test" tests="2" failures="0" timestamp="2021-05-22T17:57:53 IST" time="0.004" errors="0">
  <testcase name="test1a" time="0.003" classname="academy.MavenJava.Test1Test"/>
  <system-out/>
  <testcase name="test1b" time="0.001" classname="academy.MavenJava.Test1Test"/>
  <system-out/>
</testsuite> <!-- academy.MavenJava.Test1Test -->
