<?xml version="1.0" encoding="UTF-8"?>
<!-- Generated by org.testng.reporters.JUnitReportReporter -->
<testsuite skipped="0" hostname="VTPLDSK084" name="academy.ExtentReport.WebLoginTest" tests="1" failures="0" timestamp="2021-05-25T09:45:48 IST" time="21.864" errors="0">
  <testcase name="url" time="21.864" classname="academy.ExtentReport.WebLoginTest"/>
  <system-out/>
</testsuite> <!-- academy.ExtentReport.WebLoginTest -->
