<?xml version="1.0" encoding="UTF-8"?>
<!-- Generated by org.testng.reporters.JUnitReportReporter -->
<testsuite skipped="0" hostname="VTPLDSK084" name="pack1.day1" tests="2" failures="0" timestamp="19 May 2021 06:02:01 GMT" time="0.006" errors="0">
  <testcase name="demo" time="0.004" classname="pack1.day1"/>
  <testcase name="demo2" time="0.002" classname="pack1.day1"/>
</testsuite> <!-- pack1.day1 -->
