<?xml version="1.0" encoding="UTF-8"?>
<!-- Generated by org.testng.reporters.JUnitReportReporter -->
<testsuite skipped="0" hostname="VTPLDSK084" name="pack1.day5" tests="2" failures="0" timestamp="20 May 2021 05:28:21 GMT" time="0.024" errors="0">
  <testcase name="apiLoginCarLoan" time="0.004" classname="pack1.day5"/>
  <testcase name="webLoginCarLoan" time="0.020" classname="pack1.day5"/>
</testsuite> <!-- pack1.day5 -->
