<?xml version="1.0" encoding="UTF-8"?>
<!-- Generated by org.testng.reporters.JUnitReportReporter -->
<testsuite skipped="0" hostname="VTPLDSK084" name="pack1.day3" tests="3" failures="0" timestamp="19 May 2021 06:02:01 GMT" time="0.002" errors="0">
  <testcase name="mobileloginCarLoan" time="0.001" classname="pack1.day3"/>
  <testcase name="apiLoginCarLoan" time="0.000" classname="pack1.day3"/>
  <testcase name="webLoginCarLoan" time="0.001" classname="pack1.day3"/>
</testsuite> <!-- pack1.day3 -->
