<?xml version="1.0" encoding="UTF-8"?>
<!-- Generated by org.testng.reporters.JUnitReportReporter -->
<testsuite skipped="0" hostname="VTPLDSK084" name="pack1.day2" tests="1" failures="0" timestamp="19 May 2021 05:56:45 GMT" time="0.001" errors="0">
  <testcase name="demo3" time="0.001" classname="pack1.day2"/>
</testsuite> <!-- pack1.day2 -->
