<?xml version="1.0" encoding="UTF-8"?>
<!-- Generated by org.testng.reporters.JUnitReportReporter -->
<testsuite skipped="0" hostname="VTPLDSK084" name="pack1.globalvaluesdrive" tests="1" failures="0" timestamp="24 May 2021 04:55:32 GMT" time="0.140" errors="0">
  <testcase name="globalvalues" time="0.140" classname="pack1.globalvaluesdrive"/>
</testsuite> <!-- pack1.globalvaluesdrive -->
