<?xml version="1.0" encoding="UTF-8"?>
<!-- Generated by org.testng.reporters.JUnitReportReporter -->
<testsuite skipped="0" hostname="VTPLDSK084" name="pack1.demo1" tests="2" failures="0" timestamp="30 Apr 2021 05:06:25 GMT" time="0.008" errors="0">
  <testcase name="demo" time="0.007" classname="pack1.demo1"/>
  <testcase name="demo2" time="0.001" classname="pack1.demo1"/>
</testsuite> <!-- pack1.demo1 -->
