<?xml version="1.0" encoding="UTF-8"?>
<!-- Generated by org.testng.reporters.JUnitReportReporter -->
<testsuite skipped="0" hostname="VTPLDSK084" name="pack1.day4" tests="1" failures="0" timestamp="19 May 2021 04:38:22 GMT" time="0.000" errors="0">
  <testcase name="mobileloginhouseLoan" time="0.000" classname="pack1.day4"/>
</testsuite> <!-- pack1.day4 -->
